2017.10.02 at 09:07:24 CST ERROR pers.hdh.web.servlet.BaseServlet 51 service - 方法名为空或者其它情况操作
2017.10.02 at 09:10:05 CST ERROR pers.hdh.web.servlet.BaseServlet 51 service - 方法名为空或者其它情况操作
2017.10.02 at 09:12:33 CST ERROR pers.hdh.web.servlet.BaseServlet 51 service - 方法名为空或者其它情况操作
2017.10.02 at 09:14:10 CST ERROR pers.hdh.web.servlet.BaseServlet 51 service - 方法名为空或者其它情况操作
2017.10.02 at 10:12:13 CST ERROR pers.hdh.web.servlet.TaskServlet 34 getTasks - task表查询记录失败
2017.10.02 at 10:30:13 CST ERROR pers.hdh.web.servlet.TaskServlet 35 getTasks - task表查询记录失败
2017.10.02 at 10:42:30 CST ERROR pers.hdh.web.servlet.TaskServlet 35 getTasks - task表查询记录失败
2017.10.02 at 11:48:30 CST ERROR pers.hdh.web.servlet.TaskServlet 23 getTasks - user为空
2017.10.02 at 11:48:47 CST ERROR pers.hdh.web.servlet.TaskServlet 23 getTasks - user为空
2017.10.02 at 11:48:49 CST ERROR pers.hdh.web.servlet.TaskServlet 23 getTasks - user为空
2017.10.02 at 20:26:12 CST ERROR pers.hdh.web.servlet.AdminUserServlet 42 getUsers - 查询user表所有记录失败
2017.10.02 at 20:27:47 CST ERROR pers.hdh.web.servlet.AdminUserServlet 42 getUsers - 查询user表所有记录失败
2017.10.02 at 20:29:47 CST ERROR pers.hdh.web.servlet.AdminUserServlet 42 getUsers - 查询user表所有记录失败
2017.10.02 at 20:31:48 CST ERROR pers.hdh.web.servlet.AdminUserServlet 42 getUsers - 查询user表所有记录失败
2017.10.03 at 09:16:35 CST ERROR pers.hdh.web.servlet.AdminTaskServlet 45 getTasks - 管理员：查询task表所有记录失败
2017.10.03 at 09:20:57 CST ERROR pers.hdh.web.servlet.AdminTaskServlet 45 getTasks - 管理员：查询task表所有记录失败
2017.10.03 at 09:22:59 CST ERROR pers.hdh.web.servlet.AdminTaskServlet 45 getTasks - 管理员：查询task表所有记录失败
2017.10.03 at 10:05:22 CST ERROR pers.hdh.web.servlet.AdminTaskServlet 105 update - 管理员:修改task表数据失败
2017.10.03 at 10:07:30 CST ERROR pers.hdh.web.servlet.AdminTaskServlet 105 update - 管理员:修改task表数据失败
2017.10.03 at 10:08:39 CST ERROR pers.hdh.web.servlet.AdminTaskServlet 105 update - 管理员:修改task表数据失败
2017.10.03 at 10:09:27 CST ERROR pers.hdh.web.servlet.AdminTaskServlet 105 update - 管理员:修改task表数据失败
2017.10.03 at 10:29:42 CST ERROR pers.hdh.web.servlet.AdminTaskServlet 148 add - 管理员:添加记录到task表失败
2017.10.03 at 14:00:46 CST ERROR pers.hdh.web.servlet.AdminRecordServlet 49 getRecords - 管理员：查询record表失败
2017.10.03 at 15:20:46 CST ERROR pers.hdh.web.servlet.RecordServlet 50 update - record表修改记录或添加记录失败
2017.10.03 at 15:29:28 CST ERROR pers.hdh.web.servlet.RecordServlet 50 update - record表修改记录或添加记录失败
2017.10.03 at 15:29:44 CST ERROR pers.hdh.web.servlet.RecordServlet 50 update - record表修改记录或添加记录失败
2017.10.24 at 21:02:37 CST ERROR pers.hdh.web.servlet.UserServlet 114 add - user表添加记录失败
2017.10.24 at 21:03:18 CST ERROR pers.hdh.web.servlet.UserServlet 114 add - user表添加记录失败
